<?xml version="1.0" encoding="UTF-8"?>
<!-- Generated by org.testng.reporters.JUnitXMLReporter -->
<testsuite hostname="LAPTOP-31B2K48K" ignored="0" name="Default test" tests="3" failures="0" timestamp="31 May 2019 16:31:16 GMT" time="82.162" errors="0">
  <testcase name="homePageTitleTest" time="0.012" classname="com.ksrtc.qa.testcases.HomePageTest"/>
  <testcase name="homePageHeaderTest" time="0.064" classname="com.ksrtc.qa.testcases.HomePageTest"/>
  <testcase name="registrationLinkTest" time="0.516" classname="com.ksrtc.qa.testcases.HomePageTest"/>
</testsuite> <!-- Default test -->
