<?xml version="1.0" encoding="UTF-8"?>
<!-- Generated by org.testng.reporters.JUnitXMLReporter -->
<testsuite hostname="LAPTOP-31B2K48K" ignored="0" name="KSRTC Automation Test Cases" tests="7" failures="0" timestamp="31 May 2019 16:52:06 GMT" time="122.269" errors="0">
  <testcase name="homePageTitleTest" time="0.028" classname="com.ksrtc.qa.testcases.HomePageTest"/>
  <testcase name="homePageHeaderTest" time="0.068" classname="com.ksrtc.qa.testcases.HomePageTest"/>
  <testcase name="signInLinkDisplayTest" time="0.06" classname="com.ksrtc.qa.testcases.HomePageTest"/>
  <testcase name="registrationLinkDisplayTest" time="0.056" classname="com.ksrtc.qa.testcases.HomePageTest"/>
  <testcase name="viewTicketLinkDisplayTest" time="0.172" classname="com.ksrtc.qa.testcases.HomePageTest"/>
  <testcase name="cancellationLinkDisplayTest" time="0.056" classname="com.ksrtc.qa.testcases.HomePageTest"/>
  <testcase name="registrationLinkClickTest" time="0.592" classname="com.ksrtc.qa.testcases.HomePageTest"/>
</testsuite> <!-- KSRTC Automation Test Cases -->
